<?xml version="1.0" encoding="UTF-8"?>
<testsuite name="Product" skipped="0" failures="0" errors="0" tests="1" assertions="1" time="0.29953511600024285">
  <testcase name="test_0001_includes name in to_param" classname="Product" assertions="1" time="0.29953511600024285">
  </testcase>
</testsuite>
